[debug] [2017-11-06T17:11:13.645Z] ----------------------------------------------------------------------
[debug] [2017-11-06T17:11:13.648Z] Command:       /usr/local/Cellar/node/8.2.1/bin/node /usr/local/bin/firebase serve
[debug] [2017-11-06T17:11:13.649Z] CLI Version:   3.14.0
[debug] [2017-11-06T17:11:13.649Z] Platform:      darwin
[debug] [2017-11-06T17:11:13.649Z] Node Version:  v8.2.1
[debug] [2017-11-06T17:11:13.650Z] Time:          Mon Nov 06 2017 09:11:13 GMT-0800 (PST)
[debug] [2017-11-06T17:11:13.650Z] ----------------------------------------------------------------------
[debug] 
[debug] [2017-11-06T17:11:13.673Z] > command requires scopes: ["email","openid","https://www.googleapis.com/auth/cloudplatformprojects.readonly","https://www.googleapis.com/auth/firebase","https://www.googleapis.com/auth/cloud-platform"]
[debug] [2017-11-06T17:11:13.674Z] > authorizing via signed-in user
[debug] [2017-11-06T17:11:13.679Z] >>> HTTP REQUEST GET https://admin.firebase.com/v1/projects/chat-8469e  
 Mon Nov 06 2017 09:11:13 GMT-0800 (PST)
[debug] [2017-11-06T17:11:14.311Z] <<< HTTP RESPONSE 200
[debug] [2017-11-06T17:11:14.313Z] >>> HTTP REQUEST GET https://admin.firebase.com/v1/database/chat-8469e/tokens  
 Mon Nov 06 2017 09:11:14 GMT-0800 (PST)
[debug] [2017-11-06T17:11:14.764Z] <<< HTTP RESPONSE 200
[info] 
[info] === Serving from '/Users/austin/Google Drive/College/Junior/Info 343/challenges-ryukiri/challenge6'...
[info] 
[debug] [2017-11-06T17:11:14.767Z] >>> HTTP REQUEST GET https://cloudresourcemanager.googleapis.com/v1/projects/chat-8469e  
 Mon Nov 06 2017 09:11:14 GMT-0800 (PST)
[debug] [2017-11-06T17:11:15.073Z] <<< HTTP RESPONSE 200
[debug] [2017-11-06T17:11:15.074Z] >>> HTTP REQUEST GET https://mobilesdk-pa.googleapis.com/v1/projects/56673259576/clients/_:getWebAppConfig  
 Mon Nov 06 2017 09:11:15 GMT-0800 (PST)
[debug] [2017-11-06T17:11:15.533Z] <<< HTTP RESPONSE 200
[info] i  hosting: Serving hosting files from: public
[info] ✔  hosting: Local server: http://localhost:5000

